Development Component Build (2021-06-07 20:29:19 GMT-05:00 (COT))
  Component name: calc_01
  Component vendor: demo.kfc.com.ec
  SC compartment: MyComponents
  Configuration: LocalDevelopment
  Location: localDevelopment
  Source code location: me@DESKTOP-7LUACUE
  DC root folder: C:\Users\me\eclipse-workspace.jdi\LocalDevelopment\DCs\demo.kfc.com.ec\calc_01\_comp\
  DC type: Process Composer
  Host: DESKTOP-7LUACUE

DC Model check:
   DC is available locally
   validating dependency to build plugin "sap.com/tc/bpem/bi/bp/buildtool"
   validating dependency to used DC "sap.com/bie/sca/scdl/contributors/glx"
   validating dependency to  public part "def" of DC "sap.com/bie/sca/scdl/contributors/glx"
   validating dependency to used DC "sap.com/bie/sca/scdl/contributors/mc"
   validating dependency to  public part "def" of DC "sap.com/bie/sca/scdl/contributors/mc"
   validating dependency to  public part "def" of DC "sap.com/bie/sca/scdl/contributors/xi"
   validating dependency to used DC "sap.com/bie/sca/scdl/gen"
   validating dependency to  public part "def" of DC "sap.com/bie/sca/scdl/gen"
   validating dependency to used DC "sap.com/bie/sca/scdl/gen/mc"
   validating dependency to  public part "def" of DC "sap.com/bie/sca/scdl/gen/mc"
   validating dependency to used DC "sap.com/bie/sca/scdl/gen/xlf2prop"
   validating dependency to  public part "def" of DC "sap.com/bie/sca/scdl/gen/xlf2prop"
   validating dependency to  public part "MM_Inf" of DC "sap.com/ide/es/config/mc/model/bi"
   validating dependency to used DC "sap.com/tc/bpem/content/predefs/default"
   validating dependency to  public part "def_cmp" of DC "sap.com/tc/bpem/content/predefs/default"
   validating dependency to used DC "sap.com/tc/bpem/content/predefs/types"
   validating dependency to  public part "def_cmp" of DC "sap.com/tc/bpem/content/predefs/types"
   validating dependency to  public part "MM_Inf" of DC "sap.com/tc/moin/bi/model/textverticalization"
   validating dependency to  public part "def" of DC "sap.com/tc/moin/bi/moinext"
   validating dependency to  public part "libinf" of DC "sap.com/tc/moin/bi/moinlibs"
   DC model check OK

Start build plugin:
   using build plugin: sap.com/tc/bpem/bi/bp/buildtool
   starting build plugin from : C:\Users\me\eclipse-workspace.jdi\LocalDevelopment\BPEM-BUILDT\sap.com\tc\bpem\bi\bp\buildtool\_comp\gen\default\public\def\



Build Plugin 'sap.com/tc/bpem/bi/bp/buildtool', Version 7.30 SP 15 (NW750CORE_15_REL, built on 2021-03-14 22:13:41 +0000, CL261846)
   development component:  calc_01 (demo.kfc.com.ec)
      software component:  MyComponents (demo.sap.com)
                location:  localDevelopment
                    type:  Process Composer
           build variant:  default
         source location:  me@DESKTOP-7LUACUE
         output location:  C:\Users\me\eclipse-workspace.jdi\LocalDevelopment\t2\F30C40F84D5A87A4B31A3CFF3C4952A9\default
       generation folder:  C:\Users\me\eclipse-workspace.jdi\LocalDevelopment\t\F30C40F84D5A87A4B31A3CFF3C4952A9
       plugin start time:  2021-06-07 20:29:19 GMT-05:00 (COT)
                 Java VM:  Java HotSpot(TM) 64-Bit Server VM, 25.281-b09 (1.8, Oracle Corporation)


General options:
  convert *.xlf to *.properties: yes
  include sources for debugging: yes
 


Checking path lengths for sources
Path length checks finished in 0.006 seconds
 
Preparing data context..
No 'default' JDK defined, will use running VM.
No 'javadoc' found for JDK home path 'C:\Program Files\Java\jre1.8.0_281'.
Did not find any tools.jar in C:\Program Files\Java\jre1.8.0_281
Data context preparation finished in 0.013 seconds
 
Creating Ant build file..
  Creating output file: C:\Users\me\eclipse-workspace.jdi\LocalDevelopment\t2\F30C40F84D5A87A4B31A3CFF3C4952A9\default\logs\build.xml
  Using Java class:     com.sap.tc.glx.BuildFileCreator
Mapped output path "default" of generator "sap.com~bpem_chain/moininit" is not defined.
MoinInit generator started.
MOIN archive DC referenced: sap.com/tc/bpem/content/predefs/default
MOIN archive found: C:\Users\me\eclipse-workspace.jdi\LocalDevelopment\BPEM-CONTENT\sap.com\tc\bpem\content\predefs\default\_comp\gen\default\public\def_cmp\lib\moin\sap.com~tc~bpem~content~predefs~default~def_cmp.zip
MOIN archive DC referenced: sap.com/tc/bpem/content/predefs/types
MOIN archive found: C:\Users\me\eclipse-workspace.jdi\LocalDevelopment\SERVICE-COMP\sap.com\tc\bpem\content\predefs\types\_comp\gen\default\public\def_cmp\lib\moin\sap.com~tc~bpem~content~predefs~types~def_cmp.zip
Metamodels found.
MoinInit generator started.
MOIN archive DC referenced: sap.com/tc/bpem/content/predefs/default
MOIN archive found: C:\Users\me\eclipse-workspace.jdi\LocalDevelopment\BPEM-CONTENT\sap.com\tc\bpem\content\predefs\default\_comp\gen\default\public\def_cmp\lib\moin\sap.com~tc~bpem~content~predefs~default~def_cmp.zip
MOIN archive DC referenced: sap.com/tc/bpem/content/predefs/types
MOIN archive found: C:\Users\me\eclipse-workspace.jdi\LocalDevelopment\SERVICE-COMP\sap.com\tc\bpem\content\predefs\types\_comp\gen\default\public\def_cmp\lib\moin\sap.com~tc~bpem~content~predefs~types~def_cmp.zip
Metamodels found.
Output folder found.
Target "Xlf2PropBase" has a dependency on "compile" but no such target exists. Dependency will be ignored.
Target "ScdlBase" has a dependency on "compile" but no such target exists. Dependency will be ignored.
Build file creation finished in 0.165 seconds
 
Starting Ant..
  Using build file:     C:\Users\me\eclipse-workspace.jdi\LocalDevelopment\t2\F30C40F84D5A87A4B31A3CFF3C4952A9\default\logs\build.xml
  Using build target:   build
  Using Ant version:    1.7.1
 
ScdlBase:
  [MOINInit] Meta models found.
  [MOINInit] Referenced meta-model: C:\Users\me\eclipse-workspace.jdi\LocalDevelopment\ESCONF_BUILDT\sap.com\ide\es\config\mc\model\bi\_comp\gen\default\public\MM_Inf\lib\moin\sap.com~ide~es~config~mc~model_xmi.zip
  [MOINInit] Referenced meta-model: C:\Users\me\eclipse-workspace.jdi\LocalDevelopment\ESMP_BUILDT\sap.com\tc\bpem\bi\model\flow\_comp\gen\default\public\MM_Inf\lib\moin\glx~ide_xmi.jar
  [MOINInit] Referenced meta-model: C:\Users\me\eclipse-workspace.jdi\LocalDevelopment\BPEM-BUILDT\sap.com\tc\bpem\bi\model\triggernet\_comp\gen\default\public\MM_Inf\lib\moin\glx~tnet_xmi.jar
  [MOINInit] Referenced meta-model: C:\Users\me\eclipse-workspace.jdi\LocalDevelopment\ESMP_BUILDT\sap.com\tc\esmp\bi\model\wsdl20\_comp\gen\default\public\MM_Inf\lib\moin\sap.com~tc~esmp~model~wsdl20_xmi.zip
  [MOINInit] Referenced meta-model: C:\Users\me\eclipse-workspace.jdi\LocalDevelopment\ESMP_BUILDT\sap.com\tc\esmp\bi\model\xsd1\_comp\gen\default\public\MM_Inf\lib\moin\sap.com~tc~esmp~model~xsd1_xmi.zip
  [MOINInit] Referenced meta-model: C:\Users\me\eclipse-workspace.jdi\LocalDevelopment\MOIN_BUILDT\sap.com\tc\mie\bi\model\gfw\_comp\gen\default\public\MM_Inf\lib\moin\sap.com~com~sap~mi~gfw~mm~def_assmbl.zip
  [MOINInit] Referenced meta-model: C:\Users\me\eclipse-workspace.jdi\LocalDevelopment\MOIN_BUILDT\sap.com\tc\moin\bi\model\textverticalization\_comp\gen\default\public\MM_Inf\lib\moin\sap.com~tc~moin~model~textverticalization_xmi.zip
  [MOINInit] Referenced meta-model: C:\Users\me\eclipse-workspace.jdi\LocalDevelopment\MOIN_BUILDT\sap.com\tc\moin\bi\model\util\_comp\gen\default\public\MM_Inf\lib\moin\sap.com~tc~moin~model~util_xmi.zip
  [MOINInit] DataArea name: DefaultDataArea
  [MOINInit] Moin initialized in 800 milliseconds.
      [echo] Registering folder: gensrc/extcfg for path: C:\Users\me\eclipse-workspace.jdi\LocalDevelopment\t\F30C40F84D5A87A4B31A3CFF3C4952A9\gensrc\extcfg/
      [echo] Starting Extension Configuration generator...
  [gen_scdl] 		[SCDL_GEN] Initializing Scdl Generation...
  [gen_scdl] 		[SCDL_GEN] Initialization successfully completed.
  [gen_scdl] 		[SCDL_GEN] Starting retrieval of information from contributors...
  [gen_scdl] 		[SCDL_GEN] Information retrieval from contributors successfully completed!
  [gen_scdl] 		[SCDL_GEN] Starting composite export to SCDL...
  [gen_scdl] 			[SCDL-EXPORT] Scdl file output location: C:\Users\me\eclipse-workspace.jdi\LocalDevelopment\t\F30C40F84D5A87A4B31A3CFF3C4952A9/scdl_output\META-INF\calc_01.composite
  [gen_scdl] 			[SCDL-EXPORT] sca contribution XML output location: C:\Users\me\eclipse-workspace.jdi\LocalDevelopment\t\F30C40F84D5A87A4B31A3CFF3C4952A9/scdl_output\META-INF\sca-contribution.xml
  [gen_scdl] 		[SCDL_GEN] Conversion successfully completed!
     [timer] Extension Configuration generator finished in 0.205 seconds
 
[MOINShutdown] About to shutdown MOIN...
[MOINShutdown] MOIN shut down in 64 milliseconds.
 
Xlf2PropBase:
      [echo] Start XLF conversion
  [xlf2prop] Found 6 XLF files to convert in folder "mc"
     [timer] XLF conversion finished in 0.018 seconds
 
      [copy] Copying 6 files to C:\Users\me\eclipse-workspace.jdi\LocalDevelopment\t\F30C40F84D5A87A4B31A3CFF3C4952A9\xlf_out
 
Bpem:
  [MOINInit] Meta models found.
  [MOINInit] Referenced meta-model: C:\Users\me\eclipse-workspace.jdi\LocalDevelopment\ESCONF_BUILDT\sap.com\ide\es\config\mc\model\bi\_comp\gen\default\public\MM_Inf\lib\moin\sap.com~ide~es~config~mc~model_xmi.zip
  [MOINInit] Referenced meta-model: C:\Users\me\eclipse-workspace.jdi\LocalDevelopment\ESMP_BUILDT\sap.com\tc\bpem\bi\model\flow\_comp\gen\default\public\MM_Inf\lib\moin\glx~ide_xmi.jar
  [MOINInit] Referenced meta-model: C:\Users\me\eclipse-workspace.jdi\LocalDevelopment\BPEM-BUILDT\sap.com\tc\bpem\bi\model\triggernet\_comp\gen\default\public\MM_Inf\lib\moin\glx~tnet_xmi.jar
  [MOINInit] Referenced meta-model: C:\Users\me\eclipse-workspace.jdi\LocalDevelopment\ESMP_BUILDT\sap.com\tc\esmp\bi\model\wsdl20\_comp\gen\default\public\MM_Inf\lib\moin\sap.com~tc~esmp~model~wsdl20_xmi.zip
  [MOINInit] Referenced meta-model: C:\Users\me\eclipse-workspace.jdi\LocalDevelopment\ESMP_BUILDT\sap.com\tc\esmp\bi\model\xsd1\_comp\gen\default\public\MM_Inf\lib\moin\sap.com~tc~esmp~model~xsd1_xmi.zip
  [MOINInit] Referenced meta-model: C:\Users\me\eclipse-workspace.jdi\LocalDevelopment\MOIN_BUILDT\sap.com\tc\mie\bi\model\gfw\_comp\gen\default\public\MM_Inf\lib\moin\sap.com~com~sap~mi~gfw~mm~def_assmbl.zip
  [MOINInit] Referenced meta-model: C:\Users\me\eclipse-workspace.jdi\LocalDevelopment\MOIN_BUILDT\sap.com\tc\moin\bi\model\textverticalization\_comp\gen\default\public\MM_Inf\lib\moin\sap.com~tc~moin~model~textverticalization_xmi.zip
  [MOINInit] Referenced meta-model: C:\Users\me\eclipse-workspace.jdi\LocalDevelopment\MOIN_BUILDT\sap.com\tc\moin\bi\model\util\_comp\gen\default\public\MM_Inf\lib\moin\sap.com~tc~moin~model~util_xmi.zip
  [MOINInit] DataArea name: DefaultDataArea
  [MOINInit] Moin initialized in 895 milliseconds.
  [BpemTask] BC-BMT-BPM-SRV com.sap.tc.glx.BpemTask execute() - Metamodel version validation...
  [BpemTask] BC-BMT-BPM-SRV com.sap.tc.glx.BpemTask execute() - Sanity check is enabled, com.glx.sanity.check system property isn't false.
  [BpemTask] WSDL Location:src/wsdl/Calc_Out.wsdl
  [BpemTask] PF.DefaultDataArea:DCs/demo.kfc.com.ec/calc_01
  [BpemTask] WSDL Location:src/wsdl/rootwsdl_SimpleTimerServices.wsdl
  [BpemTask] PF.DefaultDataArea:DCs/sap.com/tc/bpem/content/predefs/default
  [BpemTask] WSDL Location:src/wsdl/CalcBPM_In.wsdl
  [BpemTask] PF.DefaultDataArea:DCs/demo.kfc.com.ec/calc_01
  [BpemTask] BC-BMT-BPM-SRV com.sap.tc.glx.SourceVersioner compile(host, artifact) - Generating version IDs for sources...
  [BpemTask] BC-BMT-BPM-SRV com.sap.tc.glx.BpemTask execute() - Initiating rule compilation.
  [BpemTask] BC-BMT-BPM-SRV com.sap.tc.glx.BpemTask execute() - Initiating event definition constraint check.
  [BpemTask] BC-BMT-BPM-SRV com.sap.tc.glx.BpemTask execute() - Constraint check for event definitions is done.
  [BpemTask] BC-BMT-BPM-SRV com.sap.tc.glx.BpemTask execute() - Initiating event definition compilation.
  [BpemTask] BC-BMT-BPM-SRV com.sap.tc.glx.BpemTask execute() - Event def: com.sap.glx.ide.model.galaxy.workflow.MessageEventDefinition (Java Type)
  [BpemTask] Galaxy.Workflow.MessageEventDefinition (MOF Type)
  [BpemTask] PF.DefaultDataArea:DCs/demo.kfc.com.ec/calc_01/_comp/src/triggers/startbpmcalc.eventdef#E0559EB2E299AB70C7EF11EB8998025041000001 (MRI)
  [BpemTask] BC-BMT-BPM-SRV com.sap.tc.glx.BpemTask processCompilerObj(obj , compDir) - Compiling [com.sap.tc.esmp.mm.xsd1.XsdElementDeclaration (Java Type)
  [BpemTask] XSD1.XsdElementDeclaration (MOF Type)
  [BpemTask] PF.DefaultDataArea:DCs/demo.kfc.com.ec/calc_01/_comp/rep/wsdl/kfc_i_system_c01_calculator&cltest&clcalc&clbpm.types#E05CE2FCC71C27DAC7EF11EBC9A4025041000001 (MRI), com.sap.tc.esmp.mm.xsd1.XsdElementDeclaration (Java Type)
  [BpemTask] XSD1.XsdElementDeclaration (MOF Type)
  [BpemTask] PF.DefaultDataArea:DCs/demo.kfc.com.ec/calc_01/_comp/rep/wsdl/kfc_i_system_c01_calculator&cltest&clcalc&clbpm.types#E05CE2FCC719D281C7EF11EB8CCC025041000001 (MRI)], CompilerType: TYPECOMPILER
  [BpemTask] BC-BMT-BPM-SRV com.sap.tc.glx.BpemTask processCompilerObj(obj , compDir) - Compiling com.sap.glx.ide.model.galaxy.workflow.MessageEventDefinition (Java Type)
  [BpemTask] Galaxy.Workflow.MessageEventDefinition (MOF Type)
  [BpemTask] PF.DefaultDataArea:DCs/demo.kfc.com.ec/calc_01/_comp/src/triggers/startbpmcalc.eventdef#E0559EB2E299AB70C7EF11EB8998025041000001 (MRI), CompilerType: INTERFACECOMPILER
  [BpemTask] BC-BMT-BPM-SRV com.sap.tc.glx.BpemTask execute() - Initiating task constraint check.
  [BpemTask] BC-BMT-BPM-SRV com.sap.tc.glx.BpemTask execute() - Constraint check for Tasks is done.
  [BpemTask] BC-BMT-BPM-SRV com.sap.tc.glx.BpemTask execute() - Initiating task compilation.
  [BpemTask] BC-BMT-BPM-SRV com.sap.tc.glx.BpemTask execute() - Initiating data mapping validation.
  [BpemTask] BC-BMT-BPM-SRV com.sap.tc.glx.BpemTask execute() - Data mapping validation is done.
  [BpemTask] BC-BMT-BPM-SRV com.sap.tc.glx.BpemTask execute() - Initiating process constraint check.
  [BpemTask] BC-BMT-BPM-SRV com.sap.tc.glx.BpemTask constraintCheck(conn,partitions) - Constraint violation: Assign an administrator to pool "Calc"
  [BpemTask] BC-BMT-BPM-SRV com.sap.tc.glx.BpemTask execute() - Constraint check for processes is done
  [BpemTask] BC-BMT-BPM-SRV com.sap.tc.glx.BpemTask execute() - Initiating process compilation.
  [BpemTask] BC-BMT-BPM-SRV com.sap.tc.glx.BpemTask processCompilerObj(obj , compDir) - Compiling com.sap.glx.ide.model.galaxy.workflow.Collaboration (Java Type)
  [BpemTask] Galaxy.Workflow.Collaboration (MOF Type)
  [BpemTask] PF.DefaultDataArea:DCs/demo.kfc.com.ec/calc_01/_comp/src/bpmn/calculator.bpmn#E01DFA6E7556A1C6C7E611EBA2CA025041000001 (MRI), CompilerType: XLFFACTORY
  [BpemTask] Packaging XLF file 'C:\Users\me\eclipse-workspace.jdi\LocalDevelopment\DCs\demo.kfc.com.ec\calc_01\_comp\src\bpmn\calculator.bpmn.xlf'.
  [BpemTask] BC-BMT-BPM-SRV com.sap.tc.glx.BpemTask processCompilerObj(obj , compDir) - Compiling com.sap.glx.ide.model.galaxy.workflow.Collaboration (Java Type)
  [BpemTask] Galaxy.Workflow.Collaboration (MOF Type)
  [BpemTask] PF.DefaultDataArea:DCs/demo.kfc.com.ec/calc_01/_comp/src/bpmn/calculator.bpmn#E01DFA6E7556A1C6C7E611EBA2CA025041000001 (MRI), CompilerType: DIAGRAMTOXMLCONVERTER
  [BpemTask] PV file generation: parsing...
  [BpemTask] PV file generation done.
  [BpemTask] BC-BMT-BPM-SRV com.sap.tc.glx.BpemTask processCompilerObj(obj , compDir) - Compiling [com.sap.tc.esmp.mm.xsd1.XsdElementDeclaration (Java Type)
  [BpemTask] XSD1.XsdElementDeclaration (MOF Type)
  [BpemTask] PF.DefaultDataArea:DCs/demo.kfc.com.ec/calc_01/_comp/src/bpmn/calculator.bpmn#E01DFA6E75D11E46C7E611EBCE47025041000001 (MRI)], CompilerType: TYPECOMPILER
  [BpemTask] BC-BMT-BPM-SRV com.sap.tc.glx.BpemTask processCompilerObj(obj , compDir) - Compiling [com.sap.tc.esmp.mm.xsd1.XsdElementDeclaration (Java Type)
  [BpemTask] XSD1.XsdElementDeclaration (MOF Type)
  [BpemTask] PF.DefaultDataArea:DCs/demo.kfc.com.ec/calc_01/_comp/src/bpmn/calculator.bpmn#E01DFA6E75D24316C7E611EB90D0025041000001 (MRI)], CompilerType: TYPECOMPILER
  [BpemTask] BC-BMT-BPM-SRV com.sap.tc.glx.BpemTask processCompilerObj(obj , compDir) - Compiling [com.sap.tc.esmp.mm.xsd1.XsdElementDeclaration (Java Type)
  [BpemTask] XSD1.XsdElementDeclaration (MOF Type)
  [BpemTask] PF.DefaultDataArea:DCs/demo.kfc.com.ec/calc_01/_comp/src/bpmn/calculator.bpmn#E01DFA6E760A8ECDC7E611EBA7BB025041000001 (MRI)], CompilerType: TYPECOMPILER
  [BpemTask] BC-BMT-BPM-SRV com.sap.tc.glx.BpemTask processCompilerObj(obj , compDir) - Compiling [com.sap.tc.esmp.mm.xsd1.XsdElementDeclaration (Java Type)
  [BpemTask] XSD1.XsdElementDeclaration (MOF Type)
  [BpemTask] PF.DefaultDataArea:DCs/demo.kfc.com.ec/calc_01/_comp/src/bpmn/calculator.bpmn#E01DFA6E75E07EA0C7E611EBB77D025041000001 (MRI)], CompilerType: TYPECOMPILER
  [BpemTask] BC-BMT-BPM-SRV com.sap.tc.glx.BpemTask processCompilerObj(obj , compDir) - Compiling [com.sap.tc.esmp.mm.xsd1.XsdElementDeclaration (Java Type)
  [BpemTask] XSD1.XsdElementDeclaration (MOF Type)
  [BpemTask] PF.DefaultDataArea:DCs/demo.kfc.com.ec/calc_01/_comp/src/bpmn/calculator.bpmn#E0B91841CA492397C7F011EB94FE025041000001 (MRI)], CompilerType: TYPECOMPILER
  [BpemTask] BC-BMT-BPM-SRV com.sap.tc.glx.BpemTask processCompilerObj(obj , compDir) - Compiling [com.sap.tc.esmp.mm.xsd1.XsdElementDeclaration (Java Type)
  [BpemTask] XSD1.XsdElementDeclaration (MOF Type)
  [BpemTask] PF.DefaultDataArea:DCs/demo.kfc.com.ec/calc_01/_comp/rep/wsdl/kfc_i_system_c01_calculator&cltest&clcalc&clbpm.types#E05CE2FC3F8DA4C2C7F011EB9321025041000001 (MRI), com.sap.tc.esmp.mm.xsd1.XsdElementDeclaration (Java Type)
  [BpemTask] XSD1.XsdElementDeclaration (MOF Type)
  [BpemTask] PF.DefaultDataArea:DCs/demo.kfc.com.ec/calc_01/_comp/rep/wsdl/kfc_i_system_c01_calculator&cltest&clcalc&clbpm.types#E05CE2FC3F8DA4C1C7F011EBB05D025041000001 (MRI), com.sap.tc.esmp.mm.xsd1.XsdElementDeclaration (Java Type)
  [BpemTask] XSD1.XsdElementDeclaration (MOF Type)
  [BpemTask] PF.DefaultDataArea:DCs/demo.kfc.com.ec/calc_01/_comp/rep/wsdl/kfc_i_system_c01_calculator&cltest&clcalc&clbpm.types#E05CE2FC3F8DA4C3C7F011EB9112025041000001 (MRI)], CompilerType: TYPECOMPILER
  [BpemTask] BC-BMT-BPM-SRV com.sap.tc.glx.BpemTask processCompilerObj(obj , compDir) - Compiling [com.sap.tc.esmp.mm.xsd1.XsdElementDeclaration (Java Type)
  [BpemTask] XSD1.XsdElementDeclaration (MOF Type)
  [BpemTask] PF.DefaultDataArea:DCs/demo.kfc.com.ec/calc_01/_comp/src/bpmn/calculator.bpmn#E01DFA6E75D336ABC7E611EBAF67025041000001 (MRI)], CompilerType: TYPECOMPILER
  [BpemTask] BC-BMT-BPM-SRV com.sap.tc.glx.BpemTask processCompilerObj(obj , compDir) - Compiling [com.sap.tc.esmp.mm.xsd1.XsdElementDeclaration (Java Type)
  [BpemTask] XSD1.XsdElementDeclaration (MOF Type)
  [BpemTask] PF.DefaultDataArea:DCs/demo.kfc.com.ec/calc_01/_comp/src/bpmn/calculator.bpmn#E01DFA6E75ECC8E2C7E611EB8313025041000001 (MRI)], CompilerType: TYPECOMPILER
  [BpemTask] BC-BMT-BPM-SRV com.sap.tc.glx.BpemTask processCompilerObj(obj , compDir) - Compiling [com.sap.tc.esmp.mm.xsd1.XsdElementDeclaration (Java Type)
  [BpemTask] XSD1.XsdElementDeclaration (MOF Type)
  [BpemTask] PF.DefaultDataArea:DCs/demo.kfc.com.ec/calc_01/_comp/src/bpmn/calculator.bpmn#E01DFA6E75FDF84BC7E611EB8F90025041000001 (MRI)], CompilerType: TYPECOMPILER
  [BpemTask] BC-BMT-BPM-SRV com.sap.tc.glx.BpemTask processCompilerObj(obj , compDir) - Compiling [com.sap.tc.esmp.mm.xsd1.XsdElementDeclaration (Java Type)
  [BpemTask] XSD1.XsdElementDeclaration (MOF Type)
  [BpemTask] PF.DefaultDataArea:DCs/demo.kfc.com.ec/calc_01/_comp/src/bpmn/calculator.bpmn#E0B91841786FEE1FC7F011EBBB2B025041000001 (MRI)], CompilerType: TYPECOMPILER
  [BpemTask] BC-BMT-BPM-SRV com.sap.tc.glx.BpemTask processCompilerObj(obj , compDir) - Compiling com.sap.glx.ide.model.galaxy.workflow.Collaboration (Java Type)
  [BpemTask] Galaxy.Workflow.Collaboration (MOF Type)
  [BpemTask] PF.DefaultDataArea:DCs/demo.kfc.com.ec/calc_01/_comp/src/bpmn/calculator.bpmn#E01DFA6E7556A1C6C7E611EBA2CA025041000001 (MRI), CompilerType: BPMN2CSVCOMPILER
  [BpemTask] Compiling process 'Calc' ...
  [BpemTask] Node 'SWITCH_Calc_token_state_wo_suspend_1' of the generated triggernet has no outgoing connector.
  [BpemTask] Transforming Trigger Network into CSV...
  [BpemTask] Node 'SWITCH_Calc_token_state_wo_suspend_1' of the generated triggernet has no outgoing connector.
  [BpemTask] WS Provisioning post processing started for %d artifacts found.
  [BpemTask] 1
  [BpemTask] Modelled endpoint for post processing found (service '%s', operation '%s', interface '{%s}%s'.
  [BpemTask] demo.kfc.com.ec/calc_01/StartBPMCalc
  [BpemTask] CalcBPM_Sync
  [BpemTask] urn:KFC_I_SYSTEM_C01_CALCULATOR:test:calc:bpm
  [BpemTask] CalcBPM_In
  [BpemTask] Writing WSDL location '%s' to file '%s'.
  [BpemTask] src/wsdl/CalcBPM_In.wsdl
  [BpemTask] META-INF/wsdl/demokfccomec2Fcalc012FStartBPMCalc/src/wsdl/CalcBPM_In.wsdl
  [BpemTask] Creating metadata for service url '%s'.
  [BpemTask] /bpm/demokfccomec/calc01/StartBPMCalc
  [BpemTask] BC-BMT-BPM-SRV com.sap.glx.paradigmInterface.util.GenerateSDA generateArchive(outArchive, srcDir) - C:\Users\me\eclipse-workspace.jdi\LocalDevelopment\t2\F30C40F84D5A87A4B31A3CFF3C4952A9\default\deploy\ctx\demo.kfc.com.ec~calc_01.wsar archive is generated
  [BpemTask] BC-BMT-BPM-SRV com.sap.glx.paradigmInterface.util.GenerateSDA copyMcArchive(File publicFolder) -Including Mass Configuration archive into sda
  [BpemTask] BC-BMT-BPM-SRV com.sap.glx.paradigmInterface.util.GenerateSDA copyScdlFiles(File scdlFolder) - Including SCDL files into sda
  [BpemTask] BC-BMT-BPM-SRV com.sap.glx.paradigmInterface.util.GenerateSDA getSubdirFiles(String parent, File subdir)  - copyFile: C:\Users\me\eclipse-workspace.jdi\LocalDevelopment\t2\F30C40F84D5A87A4B31A3CFF3C4952A9\default\deploy\ctx/calc_01.composite
  [BpemTask] BC-BMT-BPM-SRV com.sap.glx.paradigmInterface.util.GenerateSDA getSubdirFiles(String parent, File subdir)  - copyFile: C:\Users\me\eclipse-workspace.jdi\LocalDevelopment\t2\F30C40F84D5A87A4B31A3CFF3C4952A9\default\deploy\ctx/sca-contribution.xml
  [BpemTask] BC-BMT-BPM-SRV com.sap.glx.paradigmInterface.util.GenerateSDA copyScdlGlobalizationFiles(File scdlXlfFolder) - Including SCDL globalization files into sda
  [BpemTask] BC-BMT-BPM-SRV com.sap.glx.paradigmInterface.util.GenerateSDA copyScdlGlobalizationFiles(File scdlXlfFolder) - copyFile: C:\Users\me\eclipse-workspace.jdi\LocalDevelopment\t2\F30C40F84D5A87A4B31A3CFF3C4952A9\default\deploy\ctx/Business or Technical User.authprofile.properties
  [BpemTask] BC-BMT-BPM-SRV com.sap.glx.paradigmInterface.util.GenerateSDA copyScdlGlobalizationFiles(File scdlXlfFolder) - copyFile: C:\Users\me\eclipse-workspace.jdi\LocalDevelopment\t2\F30C40F84D5A87A4B31A3CFF3C4952A9\default\deploy\ctx/Business User.authprofile.properties
  [BpemTask] BC-BMT-BPM-SRV com.sap.glx.paradigmInterface.util.GenerateSDA copyScdlGlobalizationFiles(File scdlXlfFolder) - copyFile: C:\Users\me\eclipse-workspace.jdi\LocalDevelopment\t2\F30C40F84D5A87A4B31A3CFF3C4952A9\default\deploy\ctx/d2206f5c-68dd-4c6c-ab20-4d83b1ea3f37.consgroup.properties
  [BpemTask] BC-BMT-BPM-SRV com.sap.glx.paradigmInterface.util.GenerateSDA copyScdlGlobalizationFiles(File scdlXlfFolder) - copyFile: C:\Users\me\eclipse-workspace.jdi\LocalDevelopment\t2\F30C40F84D5A87A4B31A3CFF3C4952A9\default\deploy\ctx/fd14ccfe-540b-45a8-bf58-1e2a58c8b961.consgroup.properties
  [BpemTask] BC-BMT-BPM-SRV com.sap.glx.paradigmInterface.util.GenerateSDA copyScdlGlobalizationFiles(File scdlXlfFolder) - copyFile: C:\Users\me\eclipse-workspace.jdi\LocalDevelopment\t2\F30C40F84D5A87A4B31A3CFF3C4952A9\default\deploy\ctx/No Authentication.authprofile.properties
  [BpemTask] BC-BMT-BPM-SRV com.sap.glx.paradigmInterface.util.GenerateSDA copyScdlGlobalizationFiles(File scdlXlfFolder) - copyFile: C:\Users\me\eclipse-workspace.jdi\LocalDevelopment\t2\F30C40F84D5A87A4B31A3CFF3C4952A9\default\deploy\ctx/Technical User.authprofile.properties
  [BpemTask] BC-BMT-BPM-SRV com.sap.glx.paradigmInterface.util.GenerateSDA execute(name, vendor, location, version, srcDir) -Generating SDA...
  [BpemTask] BC-BMT-BPM-SRV com.sap.glx.paradigmInterface.util.GenerateSDA generateArchive(outArchive, srcDir) - C:\Users\me\eclipse-workspace.jdi\LocalDevelopment\t2\F30C40F84D5A87A4B31A3CFF3C4952A9\default\deploy\ctx\demo.kfc.com.ec~calc_01.bpem archive is generated
[MOINShutdown] About to shutdown MOIN...
[MOINShutdown] MOIN shut down in 71 milliseconds.
    [delete] Deleting directory C:\Users\me\eclipse-workspace.jdi\LocalDevelopment\t2\F30C40F84D5A87A4B31A3CFF3C4952A9\default\deploy\ctx
    [delete] Deleting: C:\Users\me\eclipse-workspace.jdi\LocalDevelopment\t2\F30C40F84D5A87A4B31A3CFF3C4952A9\default\deploy\sda-dd.xml
 
createPublicParts:
  [pppacker] Packing public part 'def_cmp'
  [pppacker] DC being built: calc_01
  [pppacker] Searching for entity: mc.
  [pppacker] Checking path: mc
  [pppacker] Checking path: rep
  [pppacker] Checking path: src
  [pppacker] Packed  13 files for entity mc (Model Folder Tree)
  [pppacker] DC being built: calc_01
  [pppacker] Searching for entity: rep.
  [pppacker] Checking path: mc
  [pppacker] Checking path: rep
  [pppacker] Checking path: src
  [pppacker] Packed   2 files for entity rep (Model Folder Tree)
  [pppacker] DC being built: calc_01
  [pppacker] Searching for entity: src.
  [pppacker] Checking path: mc
  [pppacker] Checking path: rep
  [pppacker] Checking path: src
  [pppacker] Packed   7 files for entity src (Model Folder Tree)
  [pppacker] Packed 3 entities for public part 'def_cmp'
     [timer] Packing of public part 'def_cmp' finished in 0.117 seconds
 
 
build:
 
Ant runtime 4.349 seconds
 
Ant build finished OK
MOIN forced shutdown initiated.
 
Build plugin finished at 2021-06-07 20:29:24 GMT-05:00 (COT)
Total build plugin runtime: 5.092 seconds
 
Build finished with WARNING

==== Post-Processing ====   started at 2021-06-07 20:29:24.701 COT
Comparison of previous and actual build results took: 0.028 seconds

Copy the build results 
  from: C:\Users\me\eclipse-workspace.jdi\LocalDevelopment\t2\F30C40F84D5A87A4B31A3CFF3C4952A9\default\
  to:   C:\Users\me\eclipse-workspace.jdi\LocalDevelopment\DCs\demo.kfc.com.ec\calc_01\_comp\gen\default\
