Development Component Build (2021-06-23 19:15:00 GMT-05:00 (COT))
  Component name: mod_ear
  Component vendor: kfc.com.ec
  SC compartment: MyComponents
  Configuration: LocalDevelopment
  Location: localDevelopment
  Source code location: me@DESKTOP-7LUACUE
  DC root folder: C:\eclipse 2\workspace.jdi\LocalDevelopment\DCs\kfc.com.ec\mod_ear\_comp\
  DC type: J2EE
  DC subtype: Enterprise Application
  Host: DESKTOP-7LUACUE

DC Model check:
   DC is available locally
   validating dependency to build plugin "sap.com/tc/bi/bp/enterpriseApplication"
   validating dependency to  public part "ejbjar" of DC "kfc.com.ec/modtest"
   DC model check OK

Start build plugin:
   using build plugin: sap.com/tc/bi/bp/enterpriseApplication
   starting build plugin from : C:\eclipse 2\workspace.jdi\LocalDevelopment\SAP_BUILDT\sap.com\tc\bi\bp\enterpriseApplication\_comp\gen\default\public\enterpriseApplication\



Build Plugin 'EnterpriseApplicationPlugin', Version 7.30 SP 14 (NW750CORE_14_REL, built on 2021-01-09 01:14:53 +0100, CL260871)
   development component:  mod_ear (kfc.com.ec)
      software component:  MyComponents (demo.sap.com)
                location:  localDevelopment
                    type:  J2EE, subtype Enterprise Application
           build variant:  default
         source location:  me@DESKTOP-7LUACUE
         output location:  C:\eclipse 2\workspace.jdi\LocalDevelopment\t2\77EB3A0131C0835DC66769E9B701E525\default
       generation folder:  C:\eclipse 2\workspace.jdi\LocalDevelopment\t\77EB3A0131C0835DC66769E9B701E525
       plugin start time:  2021-06-23 19:15:00 GMT-05:00 (COT)
                 Java VM:  Java HotSpot(TM) 64-Bit Server VM, 25.281-b09 (1.8, Oracle Corporation)


General options:
  convert *.xlf to *.properties: yes
  include sources for debugging: yes
 


Checking path lengths for sources
Path length checks finished in 0 seconds
 
Preparing data context..
Data context preparation finished in 0.01 seconds
 
Creating Ant build file..
  Creating output file: C:\eclipse 2\workspace.jdi\LocalDevelopment\t2\77EB3A0131C0835DC66769E9B701E525\default\logs\build.xml
  Using Java class:     com.sap.tc.buildplugin.BuildEnterpriseApplication
Target "createDeployArchive" has a dependency on "compile" but no such target exists. Dependency will be ignored.
Build file creation finished in 0.016 seconds
 
Starting Ant..
  Using build file:     C:\eclipse 2\workspace.jdi\LocalDevelopment\t2\77EB3A0131C0835DC66769E9B701E525\default\logs\build.xml
  Using build target:   build
  Using Ant version:    1.7.1
 
createDeployArchive:
       [cdu] Preparing archive for deploy unit "default"
       [cdu]   deployment type: "J2EE"
 
       [cdu] Creating Ant build file: C:\eclipse 2\workspace.jdi\LocalDevelopment\t2\77EB3A0131C0835DC66769E9B701E525\default\logs\buildDeployArchive.xml
 
       [cdu] Creating descriptor META-INF/sda-dd.xml ...
 
       [cdu] Skipping creation of application.xml for JEE5 archive.
 
       [cdu] Validating descriptor C:\eclipse 2\workspace.jdi\LocalDevelopment\DCs\kfc.com.ec\mod_ear\_comp\META-INF\application-j2ee-engine.xml
       [cdu] Setting provider name to "kfc.com.ec".
       [cdu] No component dependency exists for reference to "engine.security.facade" (sap.com).
       [cdu] No component dependency exists for reference to "engine.j2ee14.facade" (sap.com).
       [cdu] No component dependency exists for reference to "com.sap.aii.af.svc.facade" (sap.com).
       [cdu] No component dependency exists for reference to "com.sap.aii.af.ifc.facade" (sap.com).
       [cdu] No component dependency exists for reference to "com.sap.aii.af.lib.facade" (sap.com).
       [cdu] No component dependency exists for reference to "com.sap.base.technology.facade" (sap.com).
       [cdu] No component dependency exists for reference to "com.sap.aii.af.lib" (sap.com).
       [cdu] No component dependency exists for reference to "com.sap.aii.adapter.xi.svc" (sap.com).
       [cdu] No component dependency exists for reference to "com.sap.aii.af.svc" (sap.com).
       [cdu] No component dependency exists for reference to "com.sap.aii.af.cpa.svc" (sap.com).
 
       [cdu] Collecting modules ...
       [cdu] Adding module 'kfc.com.ec~modtest.jar' from DC 'modtest' (vendor 'kfc.com.ec'), public part 'ejbjar'
       [cdu] Missing deploy-time dependency for hard runtime reference to "engine.security.facade" (vendor "sap.com").
       [cdu] Missing deploy-time dependency for hard runtime reference to "engine.j2ee14.facade" (vendor "sap.com").
       [cdu] Missing deploy-time dependency for hard runtime reference to "com.sap.aii.af.svc.facade" (vendor "sap.com").
       [cdu] Missing deploy-time dependency for hard runtime reference to "com.sap.aii.af.ifc.facade" (vendor "sap.com").
       [cdu] Missing deploy-time dependency for hard runtime reference to "com.sap.aii.af.lib.facade" (vendor "sap.com").
       [cdu] Missing deploy-time dependency for hard runtime reference to "com.sap.base.technology.facade" (vendor "sap.com").
       [cdu] Missing deploy-time dependency for hard runtime reference to "com.sap.aii.af.lib" (vendor "sap.com").
       [cdu] Missing deploy-time dependency for hard runtime reference to "com.sap.aii.adapter.xi.svc" (vendor "sap.com").
       [cdu] Missing deploy-time dependency for hard runtime reference to "com.sap.aii.af.svc" (vendor "sap.com").
       [cdu] Missing deploy-time dependency for hard runtime reference to "com.sap.aii.af.cpa.svc" (vendor "sap.com").
       [cdu] Ant build file creation finished in 0.027 seconds
 
packDeployArchive:
 [srcpacker] Creating source archive
 [srcpacker] Adding source archive from kfc.com.ec~modtest
     [timer] Source archive creation finished in 0.016 seconds
 
    [jarsap] Info: JarSAP version 20180620.1800
    [jarsap] Info: JarSAPProcessing version 20180620.1800 / JarSL version 20180620.1800
    [jarsap] Building: C:\eclipse 2\workspace.jdi\LocalDevelopment\t2\77EB3A0131C0835DC66769E9B701E525\default\deploy\kfc.com.ec~mod_ear.ear with compression
     [timer] JarSAP finished in 0.014 seconds
 
 
build:
 
Ant runtime 0.089 seconds
 
Ant build finished OK
 
Build plugin finished at 2021-06-23 19:15:01 GMT-05:00 (COT)
Total build plugin runtime: 0.221 seconds
 
Build finished with WARNING

==== Post-Processing ====   started at 2021-06-23 19:15:01.207 COT
Comparison of previous and actual build results took: 0 seconds

Copy the build results 
  from: C:\eclipse 2\workspace.jdi\LocalDevelopment\t2\77EB3A0131C0835DC66769E9B701E525\default\
  to:   C:\eclipse 2\workspace.jdi\LocalDevelopment\DCs\kfc.com.ec\mod_ear\_comp\gen\default\
